c:\users\zvade_000\documents\github\juce\extras\demo\builds\visualstudio2013\debug\animationdemo.obj
c:\users\zvade_000\documents\github\juce\extras\demo\builds\visualstudio2013\debug\camerademo.obj
c:\users\zvade_000\documents\github\juce\extras\demo\builds\visualstudio2013\debug\keymappingsdemo.obj
c:\users\zvade_000\documents\github\juce\extras\demo\builds\visualstudio2013\debug\multitouch.obj
c:\users\zvade_000\documents\github\juce\extras\demo\builds\visualstudio2013\debug\xmlandjsondemo.obj
c:\users\zvade_000\documents\github\juce\extras\demo\builds\visualstudio2013\debug\juce_core.obj
c:\users\zvade_000\documents\github\juce\extras\demo\builds\visualstudio2013\debug\introscreen.obj
c:\users\zvade_000\documents\github\juce\extras\demo\builds\visualstudio2013\debug\codeeditordemo.obj
c:\users\zvade_000\documents\github\juce\extras\demo\builds\visualstudio2013\debug\graphicsdemo.obj
c:\users\zvade_000\documents\github\juce\extras\demo\builds\visualstudio2013\debug\timersandeventsdemo.obj
c:\users\zvade_000\documents\github\juce\extras\demo\builds\visualstudio2013\debug\widgetsdemo.obj
c:\users\zvade_000\documents\github\juce\extras\demo\builds\visualstudio2013\debug\juce_data_structures.obj
c:\users\zvade_000\documents\github\juce\extras\demo\builds\visualstudio2013\debug\juce_graphics.obj
c:\users\zvade_000\documents\github\juce\extras\demo\builds\visualstudio2013\debug\audiolatencydemo.obj
c:\users\zvade_000\documents\github\juce\extras\demo\builds\visualstudio2013\debug\cryptographydemo.obj
c:\users\zvade_000\documents\github\juce\extras\demo\builds\visualstudio2013\debug\fontsdemo.obj
c:\users\zvade_000\documents\github\juce\extras\demo\builds\visualstudio2013\debug\networkingdemo.obj
c:\users\zvade_000\documents\github\juce\extras\demo\builds\visualstudio2013\debug\windowsdemo.obj
c:\users\zvade_000\documents\github\juce\extras\demo\builds\visualstudio2013\debug\juce_cryptography.obj
c:\users\zvade_000\documents\github\juce\extras\demo\builds\visualstudio2013\debug\juce_events.obj
c:\users\zvade_000\documents\github\juce\extras\demo\builds\visualstudio2013\debug\juce_opengl.obj
c:\users\zvade_000\documents\github\juce\extras\demo\builds\visualstudio2013\debug\mainwindow.obj
c:\users\zvade_000\documents\github\juce\extras\demo\builds\visualstudio2013\debug\childprocessdemo.obj
c:\users\zvade_000\documents\github\juce\extras\demo\builds\visualstudio2013\debug\imagesdemo.obj
c:\users\zvade_000\documents\github\juce\extras\demo\builds\visualstudio2013\debug\multithreadingdemo.obj
c:\users\zvade_000\documents\github\juce\extras\demo\builds\visualstudio2013\debug\unittestsdemo.obj
c:\users\zvade_000\documents\github\juce\extras\demo\builds\visualstudio2013\debug\juce_box2d.obj
c:\users\zvade_000\documents\github\juce\extras\demo\builds\visualstudio2013\debug\juce_gui_extra.obj
c:\users\zvade_000\documents\github\juce\extras\demo\builds\visualstudio2013\debug\audiosettingsdemo.obj
c:\users\zvade_000\documents\github\juce\extras\demo\builds\visualstudio2013\debug\audiosynthesiserdemo.obj
c:\users\zvade_000\documents\github\juce\extras\demo\builds\visualstudio2013\debug\javascript.obj
c:\users\zvade_000\documents\github\juce\extras\demo\builds\visualstudio2013\debug\opengldemo2d.obj
c:\users\zvade_000\documents\github\juce\extras\demo\builds\visualstudio2013\debug\valuetreesdemo.obj
c:\users\zvade_000\documents\github\juce\extras\demo\builds\visualstudio2013\debug\juce_audio_utils.obj
c:\users\zvade_000\documents\github\juce\extras\demo\builds\visualstudio2013\debug\main.obj
c:\users\zvade_000\documents\github\juce\extras\demo\builds\visualstudio2013\debug\box2ddemo.obj
c:\users\zvade_000\documents\github\juce\extras\demo\builds\visualstudio2013\debug\mididemo.obj
c:\users\zvade_000\documents\github\juce\extras\demo\builds\visualstudio2013\debug\propertiesdemo.obj
c:\users\zvade_000\documents\github\juce\extras\demo\builds\visualstudio2013\debug\videodemo.obj
c:\users\zvade_000\documents\github\juce\extras\demo\builds\visualstudio2013\debug\juce_audio_formats.obj
c:\users\zvade_000\documents\github\juce\extras\demo\builds\visualstudio2013\debug\juce_video.obj
c:\users\zvade_000\documents\github\juce\extras\demo\builds\visualstudio2013\debug\audioplaybackdemo.obj
c:\users\zvade_000\documents\github\juce\extras\demo\builds\visualstudio2013\debug\dialogsdemo.obj
c:\users\zvade_000\documents\github\juce\extras\demo\builds\visualstudio2013\debug\mdidemo.obj
c:\users\zvade_000\documents\github\juce\extras\demo\builds\visualstudio2013\debug\systeminfodemo.obj
c:\users\zvade_000\documents\github\juce\extras\demo\builds\visualstudio2013\debug\webbrowserdemo.obj
c:\users\zvade_000\documents\github\juce\extras\demo\builds\visualstudio2013\debug\juce_audio_processors.obj
c:\users\zvade_000\documents\github\juce\extras\demo\builds\visualstudio2013\debug\audiorecordingdemo.obj
c:\users\zvade_000\documents\github\juce\extras\demo\builds\visualstudio2013\debug\componenttransformsdemo.obj
c:\users\zvade_000\documents\github\juce\extras\demo\builds\visualstudio2013\debug\liveconstantdemo.obj
c:\users\zvade_000\documents\github\juce\extras\demo\builds\visualstudio2013\debug\opengldemo.obj
c:\users\zvade_000\documents\github\juce\extras\demo\builds\visualstudio2013\debug\binarydata.obj
c:\users\zvade_000\documents\github\juce\extras\demo\builds\visualstudio2013\debug\juce_audio_basics.obj
c:\users\zvade_000\documents\github\juce\extras\demo\builds\visualstudio2013\debug\juce_audio_devices.obj
c:\users\zvade_000\documents\github\juce\extras\demo\builds\visualstudio2013\debug\juce_gui_basics.obj
c:\users\zvade_000\documents\github\juce\extras\demo\builds\visualstudio2013\debug\vc120.pdb
c:\users\zvade_000\documents\github\juce\extras\demo\builds\visualstudio2013\debug\vc120.idb
c:\users\zvade_000\documents\github\juce\extras\demo\builds\visualstudio2013\debug\resources.res
c:\users\zvade_000\documents\github\juce\extras\demo\builds\visualstudio2013\debug\jucedemo.ilk
c:\users\zvade_000\documents\github\juce\extras\demo\builds\visualstudio2013\debug\jucedemo.pdb
c:\users\zvade_000\documents\github\juce\extras\demo\builds\visualstudio2013\.\debug\jucedemo.exe
c:\users\zvade_000\documents\github\juce\extras\demo\builds\visualstudio2013\debug\jucedemo.tlog\cl.command.1.tlog
c:\users\zvade_000\documents\github\juce\extras\demo\builds\visualstudio2013\debug\jucedemo.tlog\cl.read.1.tlog
c:\users\zvade_000\documents\github\juce\extras\demo\builds\visualstudio2013\debug\jucedemo.tlog\cl.write.1.tlog
c:\users\zvade_000\documents\github\juce\extras\demo\builds\visualstudio2013\debug\jucedemo.tlog\link.command.1.tlog
c:\users\zvade_000\documents\github\juce\extras\demo\builds\visualstudio2013\debug\jucedemo.tlog\link.read.1.tlog
c:\users\zvade_000\documents\github\juce\extras\demo\builds\visualstudio2013\debug\jucedemo.tlog\link.write.1.tlog
c:\users\zvade_000\documents\github\juce\extras\demo\builds\visualstudio2013\debug\jucedemo.tlog\rc.command.1.tlog
c:\users\zvade_000\documents\github\juce\extras\demo\builds\visualstudio2013\debug\jucedemo.tlog\rc.read.1.tlog
c:\users\zvade_000\documents\github\juce\extras\demo\builds\visualstudio2013\debug\jucedemo.tlog\rc.write.1.tlog
